e:\dev\c\calculator\commandpatterncalculator\commandpatterncalculator\debug\vc141.pdb
e:\dev\c\calculator\commandpatterncalculator\commandpatterncalculator\debug\vc141.idb
e:\dev\c\calculator\commandpatterncalculator\commandpatterncalculator\debug\sub_command_p.obj
e:\dev\c\calculator\commandpatterncalculator\commandpatterncalculator\debug\stack_exp_command_factory.obj
e:\dev\c\calculator\commandpatterncalculator\commandpatterncalculator\debug\num_command.obj
e:\dev\c\calculator\commandpatterncalculator\commandpatterncalculator\debug\mul_command_p.obj
e:\dev\c\calculator\commandpatterncalculator\commandpatterncalculator\debug\mod_command_p.obj
e:\dev\c\calculator\commandpatterncalculator\commandpatterncalculator\debug\div_command_p.obj
e:\dev\c\calculator\commandpatterncalculator\commandpatterncalculator\debug\command.obj
e:\dev\c\calculator\commandpatterncalculator\commandpatterncalculator\debug\binary_op_command.obj
e:\dev\c\calculator\commandpatterncalculator\commandpatterncalculator\debug\add_command_p.obj
e:\dev\c\calculator\commandpatterncalculator\commandpatterncalculator\debug\infix_postfix_cal_ui.obj
e:\dev\c\calculator\commandpatterncalculator\debug\commandpatterncalculator.ilk
e:\dev\c\calculator\commandpatterncalculator\debug\commandpatterncalculator.exe
e:\dev\c\calculator\commandpatterncalculator\debug\commandpatterncalculator.pdb
e:\dev\c\calculator\commandpatterncalculator\commandpatterncalculator\debug\commandp.811a3367.tlog\cl.command.1.tlog
e:\dev\c\calculator\commandpatterncalculator\commandpatterncalculator\debug\commandp.811a3367.tlog\cl.read.1.tlog
e:\dev\c\calculator\commandpatterncalculator\commandpatterncalculator\debug\commandp.811a3367.tlog\cl.write.1.tlog
e:\dev\c\calculator\commandpatterncalculator\commandpatterncalculator\debug\commandp.811a3367.tlog\link.command.1.tlog
e:\dev\c\calculator\commandpatterncalculator\commandpatterncalculator\debug\commandp.811a3367.tlog\link.read.1.tlog
e:\dev\c\calculator\commandpatterncalculator\commandpatterncalculator\debug\commandp.811a3367.tlog\link.write.1.tlog
